This is pdfTeX, Version 3.1415926-2.5-1.40.14 (MiKTeX 2.9 64-bit) (preloaded format=pdflatex 2014.9.4)  23 SEP 2014 15:47
entering extended mode
**AlshouiliyKhaldoonParkKyungmookScribe20140911.tex

(C:\Users\chris\UC14\MachineLearning\Scribing\AlshouiliyKhaldoonParkKyungmookScribe20140911\AlshouiliyKhaldoonParkKyungm
ookScribe20140911\AlshouiliyKhaldoonParkKyungmookScribe20140911.tex
LaTeX2e <2014/05/01>
Babel <3.9k> and hyphenation patterns for 68 languages loaded.
("C:\Program Files\MiKTeX 2.9\tex\latex\extsizes\extarticle.cls"
Document Class: extarticle 1996/10/08 v1.0 Non Standard LaTeX document class
("C:\Program Files\MiKTeX 2.9\tex\latex\base\size11.clo"
File: size11.clo 2007/10/19 v1.4h Standard LaTeX file (size option)
) ("C:\Program Files\MiKTeX 2.9\tex\latex\base\exscale.sty"
Package: exscale 2007/10/29 v2.1h Standard LaTeX package exscale
LaTeX Font Info:    Redeclaring symbol font `largesymbols' on input line 52.
LaTeX Font Info:    Overwriting symbol font `largesymbols' in version `normal'
(Font)                  OMX/cmex/m/n --> OMX/cmex/m/n on input line 52.
LaTeX Font Info:    Overwriting symbol font `largesymbols' in version `bold'
(Font)                  OMX/cmex/m/n --> OMX/cmex/m/n on input line 52.
\big@size=\dimen102
)
\c@part=\count79
\c@section=\count80
\c@subsection=\count81
\c@subsubsection=\count82
\c@paragraph=\count83
\c@subparagraph=\count84
\c@figure=\count85
\c@table=\count86
\abovecaptionskip=\skip41
\belowcaptionskip=\skip42
\bibindent=\dimen103
)
("C:\Program Files\MiKTeX 2.9\tex\latex\amsmath\amsmath.sty"
Package: amsmath 2013/01/14 v2.14 AMS math features
\@mathmargin=\skip43

For additional information on amsmath, use the `?' option.
("C:\Program Files\MiKTeX 2.9\tex\latex\amsmath\amstext.sty"
Package: amstext 2000/06/29 v2.01
 ("C:\Program Files\MiKTeX 2.9\tex\latex\amsmath\amsgen.sty"
File: amsgen.sty 1999/11/30 v2.0
\@emptytoks=\toks14
\ex@=\dimen104
)) ("C:\Program Files\MiKTeX 2.9\tex\latex\amsmath\amsbsy.sty"
Package: amsbsy 1999/11/29 v1.2d
\pmbraise@=\dimen105
)
("C:\Program Files\MiKTeX 2.9\tex\latex\amsmath\amsopn.sty"
Package: amsopn 1999/12/14 v2.01 operator names
)
\inf@bad=\count87
LaTeX Info: Redefining \frac on input line 210.
\uproot@=\count88
\leftroot@=\count89
LaTeX Info: Redefining \overline on input line 306.
\classnum@=\count90
\DOTSCASE@=\count91
LaTeX Info: Redefining \ldots on input line 378.
LaTeX Info: Redefining \dots on input line 381.
LaTeX Info: Redefining \cdots on input line 466.
\Mathstrutbox@=\box26
\strutbox@=\box27
\big@size=\dimen106
LaTeX Font Info:    Redeclaring font encoding OML on input line 566.
LaTeX Font Info:    Redeclaring font encoding OMS on input line 567.
\macc@depth=\count92
\c@MaxMatrixCols=\count93
\dotsspace@=\muskip10
\c@parentequation=\count94
\dspbrk@lvl=\count95
\tag@help=\toks15
\row@=\count96
\column@=\count97
\maxfields@=\count98
\andhelp@=\toks16
\eqnshift@=\dimen107
\alignsep@=\dimen108
\tagshift@=\dimen109
\tagwidth@=\dimen110
\totwidth@=\dimen111
\lineht@=\dimen112
\@envbody=\toks17
\multlinegap=\skip44
\multlinetaggap=\skip45
\mathdisplay@stack=\toks18
LaTeX Info: Redefining \[ on input line 2665.
LaTeX Info: Redefining \] on input line 2666.
)
("C:\Program Files\MiKTeX 2.9\tex\latex\amsfonts\amssymb.sty"
Package: amssymb 2013/01/14 v3.01 AMS font symbols

("C:\Program Files\MiKTeX 2.9\tex\latex\amsfonts\amsfonts.sty"
Package: amsfonts 2013/01/14 v3.01 Basic AMSFonts support
\symAMSa=\mathgroup4
\symAMSb=\mathgroup5
LaTeX Font Info:    Overwriting math alphabet `\mathfrak' in version `bold'
(Font)                  U/euf/m/n --> U/euf/b/n on input line 106.
))
("C:\Program Files\MiKTeX 2.9\tex\latex\graphics\epsfig.sty"
Package: epsfig 1999/02/16 v1.7a (e)psfig emulation (SPQR)

("C:\Program Files\MiKTeX 2.9\tex\latex\graphics\graphicx.sty"
Package: graphicx 2014/04/25 v1.0g Enhanced LaTeX Graphics (DPC,SPQR)

("C:\Program Files\MiKTeX 2.9\tex\latex\graphics\keyval.sty"
Package: keyval 2014/05/08 v1.15 key=value parser (DPC)
\KV@toks@=\toks19
)
("C:\Program Files\MiKTeX 2.9\tex\latex\graphics\graphics.sty"
Package: graphics 2009/02/05 v1.0o Standard LaTeX Graphics (DPC,SPQR)
 ("C:\Program Files\MiKTeX 2.9\tex\latex\graphics\trig.sty"
Package: trig 1999/03/16 v1.09 sin cos tan (DPC)
) ("C:\Program Files\MiKTeX 2.9\tex\latex\00miktex\graphics.cfg"
File: graphics.cfg 2007/01/18 v1.5 graphics configuration of teTeX/TeXLive
)
Package graphics Info: Driver file: pdftex.def on input line 91.

("C:\Program Files\MiKTeX 2.9\tex\latex\pdftex-def\pdftex.def"
File: pdftex.def 2011/05/27 v0.06d Graphics/color for pdfTeX

("C:\Program Files\MiKTeX 2.9\tex\generic\oberdiek\infwarerr.sty"
Package: infwarerr 2010/04/08 v1.3 Providing info/warning/error messages (HO)
)
("C:\Program Files\MiKTeX 2.9\tex\generic\oberdiek\ltxcmds.sty"
Package: ltxcmds 2011/11/09 v1.22 LaTeX kernel commands for general use (HO)
)
\Gread@gobject=\count99
))
\Gin@req@height=\dimen113
\Gin@req@width=\dimen114
)
\epsfxsize=\dimen115
\epsfysize=\dimen116
)
(C:\Users\chris\UC14\MachineLearning\Scribing\AlshouiliyKhaldoonParkKyungmookScribe20140911\AlshouiliyKhaldoonParkKyungm
ookScribe20140911\AlshouiliyKhaldoonParkKyungmookScribe20140911.aux)
LaTeX Font Info:    Checking defaults for OML/cmm/m/it on input line 49.
LaTeX Font Info:    ... okay on input line 49.
LaTeX Font Info:    Checking defaults for T1/cmr/m/n on input line 49.
LaTeX Font Info:    ... okay on input line 49.
LaTeX Font Info:    Checking defaults for OT1/cmr/m/n on input line 49.
LaTeX Font Info:    ... okay on input line 49.
LaTeX Font Info:    Checking defaults for OMS/cmsy/m/n on input line 49.
LaTeX Font Info:    ... okay on input line 49.
LaTeX Font Info:    Checking defaults for OMX/cmex/m/n on input line 49.
LaTeX Font Info:    ... okay on input line 49.
LaTeX Font Info:    Checking defaults for U/cmr/m/n on input line 49.
LaTeX Font Info:    ... okay on input line 49.

("C:\Program Files\MiKTeX 2.9\tex\context\base\supp-pdf.mkii"
[Loading MPS to PDF converter (version 2006.09.02).]
\scratchcounter=\count100
\scratchdimen=\dimen117
\scratchbox=\box28
\nofMPsegments=\count101
\nofMParguments=\count102
\everyMPshowfont=\toks20
\MPscratchCnt=\count103
\MPscratchDim=\dimen118
\MPnumerator=\count104
\makeMPintoPDFobject=\count105
\everyMPtoPDFconversion=\toks21
) [1

{C:/ProgramData/MiKTeX/2.9/pdftex/config/pdftex.map}]
Missing character: There is no … in font cmr12!
Missing character: There is no ¶ in font cmr12!
LaTeX Font Info:    Try loading font information for U+msa on input line 70.
 ("C:\Program Files\MiKTeX 2.9\tex\latex\amsfonts\umsa.fd"
File: umsa.fd 2013/01/14 v3.01 AMS symbols A
)
LaTeX Font Info:    Try loading font information for U+msb on input line 70.

("C:\Program Files\MiKTeX 2.9\tex\latex\amsfonts\umsb.fd"
File: umsb.fd 2013/01/14 v3.01 AMS symbols B
)
Missing character: There is no … in font cmr12!
Missing character: There is no ¶ in font cmr12!
LaTeX Font Info:    Try loading font information for OMS+cmr on input line 70.
 ("C:\Program Files\MiKTeX 2.9\tex\latex\base\omscmr.fd"
File: omscmr.fd 1999/05/25 v2.5h Standard LaTeX font definitions
)
LaTeX Font Info:    Font shape `OMS/cmr/m/n' in size <14.4> not available
(Font)              Font shape `OMS/cmsy/m/n' tried instead on input line 70.

Underfull \hbox (badness 10000) in paragraph at lines 81--82

 []


Underfull \hbox (badness 10000) in paragraph at lines 83--85

 []


Underfull \hbox (badness 10000) in paragraph at lines 86--87

 []


Underfull \hbox (badness 10000) in paragraph at lines 96--97

 []


Underfull \hbox (badness 10000) in paragraph at lines 98--101

 []


Underfull \hbox (badness 10000) in paragraph at lines 102--103

 []


Underfull \hbox (badness 10000) in paragraph at lines 104--112

 []

[2]
Underfull \hbox (badness 10000) in paragraph at lines 113--117

 []

Missing character: There is no … in font cmr12!
Missing character: There is no ¶ in font cmr12!
Missing character: There is no ‚ in font cmr12!
Missing character: There is no à in font cmr12!
Missing character: There is no ë in font cmr12!
! Missing $ inserted.
<inserted text> 
                $
l.124  …¶ML= any max ‚àë_
                         (i=1)^Œº‚ñílog‚Å°[1/œÉ2] +e^(- (di.h(xi)2/2œÉ2)
I've inserted a begin-math/end-math symbol since I think
you left one out. Proceed, with fingers crossed.

! Missing $ inserted.
<inserted text> 
                $
l.132 
      
I've inserted a begin-math/end-math symbol since I think
you left one out. Proceed, with fingers crossed.

Missing character: There is no Œ in font cmr10!
Missing character: There is no º in font cmr12!
Missing character: There is no ‚ in font cmr12!
Missing character: There is no ñ in font cmr12!
Missing character: There is no í in font cmr12!
Missing character: There is no ‚ in font cmr12!
Missing character: There is no Å in font cmr12!
Missing character: There is no ° in font cmr12!
Missing character: There is no œ in font cmr12!
Missing character: There is no É in font cmr12!
Missing character: There is no œ in font cmr12!
Missing character: There is no É in font cmr12!
Missing character: There is no … in font cmr12!
Missing character: There is no ¶ in font cmr12!
Missing character: There is no ‚ in font cmr12!
Missing character: There is no à in font cmr12!
Missing character: There is no ë in font cmr12!
Missing character: There is no Œ in font cmr10!
Missing character: There is no º in font cmr12!
Missing character: There is no ‚ in font cmr12!
Missing character: There is no ñ in font cmr12!
Missing character: There is no í in font cmr12!
Missing character: There is no ‚ in font cmr12!
Missing character: There is no Å in font cmr12!
Missing character: There is no ° in font cmr12!
Missing character: There is no œ in font cmr12!
Missing character: There is no É in font cmr12!
Missing character: There is no ‚ in font cmr12!
Missing character: There is no Å in font cmr12!
Missing character: There is no ° in font cmr12!
Missing character: There is no œ in font cmr12!
Missing character: There is no É in font cmr12!
Missing character: There is no ‚ in font cmr12!
Missing character: There is no à in font cmr12!
Missing character: There is no ë in font cmr12!
Missing character: There is no Œ in font cmr10!
Missing character: There is no º in font cmr12!
Missing character: There is no ‚ in font cmr12!
Missing character: There is no ñ in font cmr12!
Missing character: There is no í in font cmr12!
Missing character: There is no ‚ in font cmr12!
Missing character: There is no Å in font cmr12!
Missing character: There is no ° in font cmr12!
Missing character: There is no „ in font cmr12!
Missing character: There is no Ä in font cmr12!
Missing character: There is no ñ in font cmr12!
Missing character: There is no œ in font cmr12!
Missing character: There is no É in font cmr12!
Missing character: There is no „ in font cmr12!
Missing character: There is no Ä in font cmr12!
Missing character: There is no ó in font cmr12!
Missing character: There is no ‚ in font cmr12!
Missing character: There is no Å in font cmr12!
Missing character: There is no ° in font cmr12!
Missing character: There is no œ in font cmr12!
Missing character: There is no É in font cmr12!
Missing character: There is no ‚ in font cmr12!
Missing character: There is no à in font cmr12!
Missing character: There is no ë in font cmr12!
Missing character: There is no Œ in font cmr10!
Missing character: There is no º in font cmr12!
Missing character: There is no ‚ in font cmr12!
Missing character: There is no ñ in font cmr12!
Missing character: There is no í in font cmr12!
Missing character: There is no „ in font cmr12!
Missing character: There is no Ä in font cmr12!
Missing character: There is no ñ in font cmr12!
Missing character: There is no „ in font cmr12!
Missing character: There is no Ä in font cmr12!
Missing character: There is no ó in font cmr12!
Missing character: There is no ‚ in font cmr12!
Missing character: There is no à in font cmr12!
Missing character: There is no ë in font cmr12!
Missing character: There is no Œ in font cmr10!
Missing character: There is no º in font cmr12!
Missing character: There is no ‚ in font cmr12!
Missing character: There is no ñ in font cmr12!
Missing character: There is no í in font cmr12!
Missing character: There is no „ in font cmr12!
Missing character: There is no Ä in font cmr12!
Missing character: There is no ñ in font cmr12!
Missing character: There is no „ in font cmr12!
Missing character: There is no Ä in font cmr12!
Missing character: There is no ó in font cmr12!
Missing character: There is no … in font cmr12!
Missing character: There is no ¶ in font cmr12!
Missing character: There is no … in font cmr12!
Missing character: There is no ¶ in font cmr12!

Overfull \hbox (7.59221pt too wide) in paragraph at lines 120--132
\OT1/cmr/m/n/14.4 [1\OML/cmm/m/it/14.4 =\OT1/cmr/m/n/14.4 22][]\OML/cmm/m/it/14.4 i \OT1/cmr/m/n/14.4 = 1)[](\OML/cmm/m/
it/14.4 di:h\OT1/cmr/m/n/14.4 (\OML/cmm/m/it/14.4 xi\OT1/cmr/m/n/14.4 )2) = \OML/cmm/m/it/14.4 anymax[]i \OT1/cmr/m/n/14
.4 = 1)[](\OML/cmm/m/it/14.4 di:h\OT1/cmr/m/n/14.4 (\OML/cmm/m/it/14.4 xi\OT1/cmr/m/n/14.4 )2)\OML/cmm/m/it/14.4 Wecansp
eakaboutMap \OT1/cmr/m/n/14.4 =
 []

! Extra }, or forgotten \endgroup.
l.133 }
        %End of \Large
I've deleted a group-closing symbol because it seems to be
spurious, as in `$x}$'. But perhaps the } is legitimate and
you forgot something else, as in `\hbox{$x}'. In such cases
the way to recover is to insert both the forgotten and the
deleted material, e.g., by typing `I$}'.

[3]
Underfull \hbox (badness 10000) in paragraph at lines 142--145

 []


Underfull \hbox (badness 10000) in paragraph at lines 146--147

 []


Underfull \hbox (badness 10000) in paragraph at lines 148--149

 []


Underfull \hbox (badness 10000) in paragraph at lines 150--151

 []


Underfull \hbox (badness 10000) in paragraph at lines 184--186

 []


Underfull \hbox (badness 10000) in paragraph at lines 192--194

 []

[4]
Underfull \hbox (badness 10000) in paragraph at lines 202--204

 []


Underfull \hbox (badness 10000) in paragraph at lines 205--207

 []


Underfull \hbox (badness 10000) in paragraph at lines 208--209

 []


Underfull \hbox (badness 10000) in paragraph at lines 210--213

 []


Underfull \hbox (badness 10000) in paragraph at lines 214--216

 []


Underfull \hbox (badness 10000) in paragraph at lines 217--219

 []


Underfull \hbox (badness 10000) in paragraph at lines 225--226

 []

[5]
Underfull \hbox (badness 10000) in paragraph at lines 227--229

 []


Underfull \hbox (badness 10000) in paragraph at lines 244--245

 []


Underfull \hbox (badness 10000) in paragraph at lines 254--257

 []


Underfull \hbox (badness 10000) in paragraph at lines 258--260

 []

[6]
(C:\Users\chris\UC14\MachineLearning\Scribing\AlshouiliyKhaldoonParkKyungmookScribe20140911\AlshouiliyKhaldoonParkKyungm
ookScribe20140911\AlshouiliyKhaldoonParkKyungmookScribe20140911.aux) ) 
Here is how much of TeX's memory you used:
 2086 strings out of 493706
 28593 string characters out of 3144584
 83793 words of memory out of 3000000
 5410 multiletter control sequences out of 15000+200000
 8160 words of font info for 31 fonts, out of 3000000 for 9000
 1025 hyphenation exceptions out of 8191
 34i,9n,26p,272b,196s stack positions out of 5000i,500n,10000p,200000b,50000s
<C:/Program Files/MiKTeX 2.9/fonts/type1/public/am
sfonts/cm/cmbx10.pfb><C:/Program Files/MiKTeX 2.9/fonts/type1/public/amsfonts/cm/cmbx12.pfb><C:/Program Files/MiKTeX 2.9
/fonts/type1/public/amsfonts/cm/cmex10.pfb><C:/Program Files/MiKTeX 2.9/fonts/type1/public/amsfonts/cm/cmmi10.pfb><C:/Pr
ogram Files/MiKTeX 2.9/fonts/type1/public/amsfonts/cm/cmmi12.pfb><C:/Program Files/MiKTeX 2.9/fonts/type1/public/amsfont
s/cm/cmmi7.pfb><C:/Program Files/MiKTeX 2.9/fonts/type1/public/amsfonts/cm/cmr10.pfb><C:/Program Files/MiKTeX 2.9/fonts/
type1/public/amsfonts/cm/cmr12.pfb><C:/Program Files/MiKTeX 2.9/fonts/type1/public/amsfonts/cm/cmr7.pfb><C:/Program File
s/MiKTeX 2.9/fonts/type1/public/amsfonts/cm/cmsl10.pfb><C:/Program Files/MiKTeX 2.9/fonts/type1/public/amsfonts/cm/cmsy1
0.pfb><C:/Program Files/MiKTeX 2.9/fonts/type1/public/amsfonts/cm/cmti10.pfb>
Output written on AlshouiliyKhaldoonParkKyungmookScribe20140911.pdf (6 pages, 162740 bytes).
PDF statistics:
 69 PDF objects out of 1000 (max. 8388607)
 0 named destinations out of 1000 (max. 500000)
 1 words of extra memory for PDF output out of 10000 (max. 10000000)

